<?xml version="1.0" encoding="UTF-8"?>
<!-- Generated by org.testng.reporters.JUnitReportReporter -->
<testsuite hostname="DESKTOP-FADL0SF" failures="0" tests="2" name="com.bridgelabz.qa.test.SingnUpPageTest" time="22.282" errors="0" timestamp="2023-04-05T15:56:36 IST" skipped="0">
  <testcase classname="com.bridgelabz.qa.test.SingnUpPageTest" name="loginPageTitleTest" time="12.864"/>
  <system-out/>
  <testcase classname="com.bridgelabz.qa.test.SingnUpPageTest" name="signUpTest" time="9.418"/>
  <system-out/>
</testsuite> <!-- com.bridgelabz.qa.test.SingnUpPageTest -->
