<?xml version="1.0" encoding="UTF-8"?>
<!-- Generated by org.testng.reporters.JUnitReportReporter -->
<testsuite hostname="DESKTOP-FADL0SF" failures="0" tests="2" name="com.bridgelabz.qa.test.LoginPageTest" time="35.018" errors="0" timestamp="2023-04-11T17:21:33 IST" skipped="0">
  <testcase classname="com.bridgelabz.qa.test.LoginPageTest" name="loginPageTitleTest" time="9.240"/>
  <system-out/>
  <testcase classname="com.bridgelabz.qa.test.LoginPageTest" name="loginTest" time="25.778"/>
  <system-out/>
</testsuite> <!-- com.bridgelabz.qa.test.LoginPageTest -->
